"../../../Engine/Content/Animation/DefaultAnimCurveCompressionSettings.uasset" 0
"../../../Engine/Content/Functions/Engine_MaterialFunctions01/Opacity/CameraDepthFade.uasset" 1
"../../../Engine/Content/EngineMaterials/T_Default_Material_Grid_M.uasset" 2
"../../../Engine/Content/EngineMaterials/T_Default_Material_Grid_N.uasset" 3
"../../../Engine/Content/EngineMaterials/WorldGridMaterial.uasset" 4
"../../../Engine/Content/ArtTools/RenderToTexture/Meshes/S_1_Unit_Plane.uasset" 5
"../../../Engine/Content/BasicShapes/Plane.uasset" 6
"../../../Engine/Content/EditorLandscapeResources/DataLayer.uasset" 7
"../../../Engine/Content/EditorMaterials/MAT_Groups_Toggle.uasset" 8
"../../../Engine/Content/EditorMaterials/MAT_Groups_Visibility.uasset" 9
"../../../Engine/Content/EditorMaterials/PreviewShadowIndicator.uasset" 10
"../../../Engine/Content/EditorMaterials/PreviewShadowIndicatorMaterial.uasset" 11
"../../../Engine/Content/EditorMaterials/MatineeGroups/MAT_ColorTrack.uasset" 12
"../../../Engine/Content/EditorMaterials/MatineeGroups/MAT_Groups_Anim.uasset" 13
"../../../Engine/Content/EditorMaterials/MatineeGroups/MAT_Groups_AudioMaster.uasset" 14
"../../../Engine/Content/EditorMaterials/MatineeGroups/MAT_Groups_Director.uasset" 15
"../../../Engine/Content/EditorMaterials/MatineeGroups/MAT_Groups_Event.uasset" 16
"../../../Engine/Content/EditorMaterials/MatineeGroups/MAT_Groups_Fade.uasset" 17
"../../../Engine/Content/EditorMaterials/MatineeGroups/MAT_Groups_Float.uasset" 18
"../../../Engine/Content/EditorMaterials/MatineeGroups/MAT_Groups_Move.uasset" 19
"../../../Engine/Content/EditorMaterials/MatineeGroups/MAT_Groups_Slomo.uasset" 20
"../../../Engine/Content/EditorMaterials/MatineeGroups/MAT_Groups_Sound.uasset" 21
"../../../Engine/Content/EditorMaterials/MatineeGroups/MAT_Groups_Vector.uasset" 22
"../../../Engine/Content/EditorMaterials/ParticleSystems/PSysThumbnail_NoImage.uasset" 23
"../../../Engine/Content/EditorMaterials/ParticleSystems/PSysThumbnail_OOD.uasset" 24
"../../../Engine/Content/EditorMaterials/Camera/CineMat.uasset" 25
"../../../Engine/Content/EditorMaterials/Camera/MI_CineMat_Rig.uasset" 26
"../../../Engine/Content/EditorMeshes/Camera/SM_CraneRig_Arm.uasset" 27
"../../../Engine/Content/EditorMeshes/Camera/SM_CraneRig_Base.uasset" 28
"../../../Engine/Content/EditorMeshes/Camera/SM_CraneRig_Body.uasset" 29
"../../../Engine/Content/EditorMeshes/Camera/SM_CraneRig_Mount.uasset" 30
"../../../Engine/Content/EditorMeshes/Camera/SM_RailRig_Mount.uasset" 31
"../../../Engine/Content/EditorMeshes/Camera/SM_RailRig_Track.uasset" 32
"../../../Engine/Content/EditorResources/BSPVertex.uasset" 33
"../../../Engine/Content/EditorResources/EmptyActor.uasset" 34
"../../../Engine/Content/EditorResources/S_Actor.uasset" 35
"../../../Engine/Content/EditorResources/S_Note.uasset" 36
"../../../Engine/Content/EditorResources/S_Solver.uasset" 37
"../../../Engine/Content/EditorResources/S_Trigger.uasset" 38
"../../../Engine/Content/EditorResources/LightIcons/S_LightError.uasset" 39
"../../../Engine/Content/EditorResources/SequenceRecorder/Countdown.uasset" 40
"../../../Engine/Content/EditorResources/SequenceRecorder/RecordingIndicator.uasset" 41
"../../../Engine/Content/EditorSounds/Notifications/CompileFailed.uasset" 42
"../../../Engine/Content/EditorSounds/Notifications/CompileFailed_Cue.uasset" 43
"../../../Engine/Content/EditorSounds/Notifications/CompileSuccess.uasset" 44
"../../../Engine/Content/EditorSounds/Notifications/CompileStart_Cue.uasset" 45
"../../../Engine/Content/EditorSounds/Notifications/CompileSuccess_Cue.uasset" 46
"../../../Engine/Content/EngineDamageTypes/DmgTypeBP_Environmental.uasset" 47
"../../../Engine/Content/EngineDebugMaterials/DebugEditorMaterial.uasset" 48
"../../../Engine/Content/EngineDebugMaterials/DebugMeshMaterial.uasset" 49
"../../../Engine/Content/EngineDebugMaterials/M_SimpleUnlitTranslucent.uasset" 50
"../../../Engine/Content/Functions/Engine_MaterialFunctions02/Utility/CameraDirectionVector.uasset" 51
"../../../Engine/Content/EngineDebugMaterials/VolumeToRender.uasset" 52
"../../../Engine/Content/EngineDebugMaterials/M_VolumeRenderSphereTracePP.uasset" 53
"../../../Engine/Content/EngineDebugMaterials/WireframeMaterial.uasset" 54
"../../../Engine/Content/EngineFonts/Faces/DroidSansFallback.uasset" 55
"../../../Engine/Content/EngineFonts/Faces/RobotoBold.uasset" 56
"../../../Engine/Content/EngineFonts/Faces/RobotoBoldItalic.uasset" 57
"../../../Engine/Content/EngineFonts/Faces/RobotoItalic.uasset" 58
"../../../Engine/Content/EngineFonts/Faces/RobotoLight.uasset" 59
"../../../Engine/Content/EngineFonts/Faces/RobotoRegular.uasset" 60
"../../../Engine/Content/EngineFonts/Roboto.uasset" 61
"../../../Engine/Content/EngineMaterials/BaseFlattenDiffuseMap.uasset" 62
"../../../Engine/Content/EngineMaterials/BaseFlattenEmissiveMap.uasset" 63
"../../../Engine/Content/EngineMaterials/BaseFlattenGrayscaleMap.uasset" 64
"../../../Engine/Content/EngineMaterials/BaseFlattenNormalMap.uasset" 65
"../../../Engine/Content/EngineMaterials/BaseFlattenMaterial.uasset" 66
"../../../Engine/Content/EngineMaterials/BlueNoise.uasset" 67
"../../../Engine/Content/EngineMaterials/DefaultBloomKernel.uasset" 68
"../../../Engine/Content/EngineMaterials/DefaultBokeh.uasset" 69
"../../../Engine/Content/EngineMaterials/DefaultDiffuse.uasset" 70
"../../../Engine/Content/EngineMaterials/DefaultDeferredDecalMaterial.uasset" 71
"../../../Engine/Content/EngineMaterials/DefaultLightFunctionMaterial.uasset" 72
"../../../Engine/Content/EngineMaterials/DefaultPhysicalMaterial.uasset" 73
"../../../Engine/Content/Functions/Engine_MaterialFunctions02/Utility/BreakOutFloat2Components.uasset" 74
"../../../Engine/Content/EngineMaterials/DefaultPostProcessMaterial.uasset" 75
"../../../Engine/Content/EngineFonts/RobotoDistanceField.uasset" 76
"../../../Engine/Content/EngineMaterials/DefaultTextMaterialOpaque.uasset" 77
"../../../Engine/Content/EngineMaterials/DefaultWhiteGrid.uasset" 78
"../../../Engine/Content/EngineMaterials/DefaultWhiteGrid_Low.uasset" 79
"../../../Engine/Content/EngineMaterials/EmissiveMeshMaterial.uasset" 80
"../../../Engine/Content/EngineMaterials/GizmoMaterial.uasset" 81
"../../../Engine/Content/EngineMaterials/Good64x64TilingNoiseHighFreq.uasset" 82
"../../../Engine/Content/EngineMaterials/MiniFont.uasset" 83
"../../../Engine/Content/EngineMaterials/InvalidLightmapSettings.uasset" 84
"../../../Engine/Content/EngineMaterials/M_InvalidLightmapSettings.uasset" 85
"../../../Engine/Content/Functions/Engine_MaterialFunctions02/WorldPositionOffset/CameraOffset.uasset" 86
"../../../Engine/Content/EngineMaterials/PhAT_JointLimitMaterial.uasset" 87
"../../../Engine/Content/EngineMaterials/PreintegratedSkinBRDF.uasset" 88
"../../../Engine/Content/EngineMaterials/RemoveSurfaceMaterial.uasset" 89
"../../../Engine/Content/EngineMaterials/WeightMapPlaceholderTexture.uasset" 90
"../../../Engine/Content/EngineResources/WhiteSquareTexture.uasset" 91
"../../../Engine/Content/EngineMaterials/Widget3DPassThrough.uasset" 92
"../../../Engine/Content/EngineMaterials/Widget3DPassThrough_Masked.uasset" 93
"../../../Engine/Content/EngineMaterials/Widget3DPassThrough_Opaque.uasset" 94
"../../../Engine/Content/EngineMaterials/Widget3DPassThrough_Masked_OneSided.uasset" 95
"../../../Engine/Content/EngineMaterials/Widget3DPassThrough_Opaque_OneSided.uasset" 96
"../../../Engine/Content/EngineMaterials/Widget3DPassThrough_Translucent.uasset" 97
"../../../Engine/Content/EngineMaterials/Widget3DPassThrough_Translucent_OneSided.uasset" 98
"../../../Engine/Content/EngineMaterials/DefaultMaterial.uasset" 99
"../../../Engine/Content/EngineMeshes/Cylinder.uasset" 100
"../../../Engine/Content/EngineMeshes/Sphere.uasset" 101
"../../../Engine/Content/EngineResources/Black.uasset" 102
"../../../Engine/Content/EngineResources/DefaultTextureCube.uasset" 103
"../../../Engine/Content/EngineResources/DefaultVolumeTexture2D.uasset" 104
"../../../Engine/Content/EngineResources/DefaultVolumeTexture.uasset" 105
"../../../Engine/Content/EngineResources/GradientTexture0.uasset" 106
"../../../Engine/Content/Functions/Engine_MaterialFunctions01/Shading/PowerToRoughness.uasset" 107
"../../../Engine/Content/Maps/Templates/Thumbnails/Default.uasset" 108
"../../../Engine/Content/Maps/Templates/Thumbnails/TimeOfDay.uasset" 109
"../../../Engine/Content/Maps/Templates/Thumbnails/VR-Basic.uasset" 110
"../../../Engine/Content/MobileResources/T_MobileControls_texture.uasset" 111
"../../../Engine/Content/MobileResources/T_MobileMenu2.uasset" 112
"../../../Engine/Content/MobileResources/HUD/AnalogHat.uasset" 113
"../../../Engine/Content/MobileResources/HUD/VirtualJoystick_Background.uasset" 114
"../../../Engine/Content/MobileResources/HUD/VirtualJoystick_Thumb.uasset" 115
"../../../Engine/Content/MobileResources/HUD/DefaultVirtualJoysticks.uasset" 116
"../../../Engine/Content/MobileResources/HUD/LeftVirtualJoystickOnly.uasset" 117
"../../../Engine/Content/MobileResources/HUD/MobileHUDButton1_off.uasset" 118
"../../../Engine/Content/MobileResources/HUD/MobileHUDButton1_on.uasset" 119
"../../../Engine/Content/MobileResources/HUD/MobileHUDButton2_off.uasset" 120
"../../../Engine/Content/MobileResources/HUD/MobileHUDButton2_on.uasset" 121
"../../../Engine/Content/MobileResources/HUD/MobileHUDButton3.uasset" 122
"../../../Engine/Content/MobileResources/HUD/MobileHUDButtonFire.uasset" 123
"../../../Engine/Content/MobileResources/HUD/MobileHUDDirectionPad.uasset" 124
"../../../Engine/Content/MobileResources/HUD/MobileHUDDirectionPad2.uasset" 125
"../../../Engine/Content/MobileResources/HUD/MobileHUDDirectionPad3.uasset" 126
"../../../Engine/Content/MobileResources/HUD/MobileHUDDirectionStick.uasset" 127
"../../../Engine/Content/MobileResources/HUD/T_Castle_ThumbstickInner.uasset" 128
"../../../Engine/Content/MobileResources/HUD/T_Castle_ThumbstickOutter.uasset" 129
"../../../Engine/Content/Tutorial/ContentIntroCurve.uasset" 130
"../../../Engine/Content/Tutorial/Basics/LevelEditorAttract.uasset" 131
"../../../Engine/Content/Tutorial/Basics/TutorialAssets/icon_tab_Levels_40x.uasset" 132
"../../../Engine/Content/Tutorial/Basics/LevelEditorOverview.uasset" 133
"../../../Engine/Content/VREditor/LaserPointer/VR_LaserPower_01.uasset" 134
"../../../Engine/Content/VREditor/TransformGizmo/TransformGizmoMaterial.uasset" 135
"../../../Engine/Content/VREditor/TransformGizmo/TranslucentTransformGizmoMaterial.uasset" 136
"../../../Engine/Content/VREditor/TransformGizmo/BoundingBoxCorner.uasset" 137
"../../../Engine/Content/VREditor/TransformGizmo/BoundingBoxEdge.uasset" 138
"../../../Engine/Content/VREditor/TransformGizmo/PlaneTranslationHandle.uasset" 139
"../../../Engine/Content/VREditor/TransformGizmo/Main.uasset" 140
"../../../Engine/Content/VREditor/TransformGizmo/Xray.uasset" 141
"../../../Engine/Content/VREditor/TransformGizmo/SM_Sequencer_Key.uasset" 142
"../../../Engine/Content/VREditor/TransformGizmo/SM_Sequencer_Node.uasset" 143
"../../Plugins/2D/Paper2D/Content/PlaceholderTextures/DummySpriteTexture.uasset" 144
"../../Plugins/2D/Paper2D/Content/DummySprite.uasset" 145
"../../Plugins/2D/Paper2D/Content/DefaultPaperTerrainMaterial.uasset" 146
"../../Plugins/2D/Paper2D/Content/DefaultSpriteMaterial.uasset" 147
"../../Plugins/2D/Paper2D/Content/MaskedUnlitSpriteMaterial.uasset" 148
"../../Plugins/2D/Paper2D/Content/OpaqueUnlitSpriteMaterial.uasset" 149
"../../Plugins/FX/Niagara/Content/Enums/ENiagaraBooleanLogicOps.uasset" 150
"../../Plugins/FX/Niagara/Content/Enums/ENiagaraCoordinateSpace.uasset" 151
"../../Plugins/FX/Niagara/Content/Enums/ENiagaraExpansionMode.uasset" 152
"../../Plugins/FX/Niagara/Content/Enums/ENiagaraOrientationAxis.uasset" 153
"../../Plugins/FX/Niagara/Content/Enums/ENiagaraRandomnessMode.uasset" 154
"../../../Engine/Content/Functions/Engine_MaterialFunctions02/Utility/BreakOutFloat4Components.uasset" 155
"../../../Engine/Content/Functions/Engine_MaterialFunctions02/Utility/MakeFloat2.uasset" 156
"../../../Engine/Content/Functions/Engine_MaterialFunctions02/Utility/MakeFloat3.uasset" 157
"../../Plugins/Runtime/Oculus/OculusVR/Content/Materials/OculusMR_ChromaKey.uasset" 158
"../../Plugins/Runtime/Oculus/OculusVR/Content/Materials/OculusMR_ChromaKey_Lit.uasset" 159
"../../Plugins/Runtime/Oculus/OculusVR/Content/Materials/OculusMR_OpaqueColoredMaterial.uasset" 160
"../../Plugins/Runtime/Oculus/OculusVR/Content/Materials/OculusMR_WhiteMaterial.uasset" 161
"../../../../../../Unreal Projects/DangerVeryClose/Content/AI/DVCDamage.uasset" 162
"../../../Engine/Content/EditorBlueprintResources/StandardMacros.uasset" 163
"../../../../../../Unreal Projects/DangerVeryClose/Content/FirstPerson/Textures/FirstPersonCrosshair.uasset" 164
"../../../../../../Unreal Projects/DangerVeryClose/Content/FirstPersonBP/HUD/FirstPersonHUD.uasset" 165
"../../../Engine/Content/Animation/DefaultAnimBoneCompressionSettings.uasset" 166
"../../../../../../Unreal Projects/DangerVeryClose/Content/AI/Models/enemy-kamikaze/enemy-kamikaze_Skeleton.uasset" 167
"../../../../../../Unreal Projects/DangerVeryClose/Content/AI/Models/enemy-kamikaze/enemy-kamikaze_Anim_Skeleton_Idle.uasset" 168
"../../../../../../Unreal Projects/DangerVeryClose/Content/AI/Models/enemy-kamikaze/enemy-kamikaze_Anim_Skeleton_Kamikaze.uasset" 169
"../../../../../../Unreal Projects/DangerVeryClose/Content/AI/Models/enemy-kamikaze/enemy-kamikaze_Anim_Skeleton_Leap.uasset" 170
"../../../../../../Unreal Projects/DangerVeryClose/Content/AI/Models/enemy-kamikaze/enemy-kamikaze_Anim_Skeleton_Run.uasset" 171
"../../../../../../Unreal Projects/DangerVeryClose/Content/AI/Models/enemy-kamikaze/enemy-kamikaze_Anim_Skeleton_Walk.uasset" 172
"../../../../../../Unreal Projects/DangerVeryClose/Content/AI/Models/enemy-kamikaze/enemy-kamikaze_animBP.uasset" 173
"../../../../../../Unreal Projects/DangerVeryClose/Content/AI/Models/enemy-kamikaze/enemy-kamikaze_Anim_Skeleton_Explode.uasset" 174
"../../../../../../Unreal Projects/DangerVeryClose/Content/AI/Models/enemy-kamikaze/enemy-kamikaze_Anim_Skeleton_Explode_Montage.uasset" 175
"../../../../../../Unreal Projects/DangerVeryClose/Content/AI/Models/enemy-kamikaze/enemy-kamikaze_Anim_Skeleton_Flinch.uasset" 176
"../../../../../../Unreal Projects/DangerVeryClose/Content/AI/Models/enemy-kamikaze/enemy-kamikaze_Anim_Skeleton_Flinch_Montage.uasset" 177
"../../../../../../Unreal Projects/DangerVeryClose/Content/Mannequin/Character/Mesh/UE4_Mannequin_Skeleton.uasset" 178
"../../../../../../Unreal Projects/DangerVeryClose/Content/Mannequin/Animations/ThirdPersonJump_Start.uasset" 179
"../../../../../../Unreal Projects/DangerVeryClose/Content/FirstPersonBP/Airstrikes/Targeter/TargetableComponent.uasset" 180
"../../../../../../Unreal Projects/DangerVeryClose/Content/FirstPersonBP/PlayerSaveData.uasset" 181
"../../../../../../Unreal Projects/DangerVeryClose/Content/SaveFile/DVC_SaveGame.uasset" 182
"../../../../../../Unreal Projects/DangerVeryClose/Content/Font/Inversionz_Unboxed.uasset" 183
"../../../../../../Unreal Projects/DangerVeryClose/Content/Font/Inversionz_Unboxed_Font.uasset" 184
"../../../../../../Unreal Projects/DangerVeryClose/Content/Main_Menu/LevelSelect/LevelDescription.uasset" 185
"../../../../../../Unreal Projects/DangerVeryClose/Content/Main_Menu/LevelSelect/LevelSelectButton.uasset" 186
"../../../../../../Unreal Projects/DangerVeryClose/Content/Main_Menu/MainMenu-Resources/dvc-mock.uasset" 187
"../../../../../../Unreal Projects/DangerVeryClose/Content/Main_Menu/Credits_Widget.uasset" 188
"../../../../../../Unreal Projects/DangerVeryClose/Content/Main_Menu/MainMenu-Resources/CreditsButton.uasset" 189
"../../../../../../Unreal Projects/DangerVeryClose/Content/Main_Menu/MainMenu-Resources/DVC-Logo.uasset" 190
"../../../../../../Unreal Projects/DangerVeryClose/Content/Main_Menu/MainMenu-Resources/DVC-Main-Menu-Background.uasset" 191
"../../../../../../Unreal Projects/DangerVeryClose/Content/Main_Menu/MainMenu-Resources/LevelSelectButton.uasset" 192
"../../../../../../Unreal Projects/DangerVeryClose/Content/Main_Menu/MainMenu-Resources/OptionsButton.uasset" 193
"../../../../../../Unreal Projects/DangerVeryClose/Content/Main_Menu/MainMenu-Resources/PlayerLoadoutButton.uasset" 194
"../../../../../../Unreal Projects/DangerVeryClose/Content/Main_Menu/MainMenu-Resources/QuitButton.uasset" 195
"../../../../../../Unreal Projects/DangerVeryClose/Content/Main_Menu/MainMenu-Resources/StartButton.uasset" 196
"../../../../../../Unreal Projects/DangerVeryClose/Content/Main_Menu/Options/SaveOptions.uasset" 197
"../../../Engine/Content/EngineSounds/Master.uasset" 198
"../../../../../../Unreal Projects/DangerVeryClose/Content/Main_Menu/Confirmation_Widget.uasset" 199
"../../../../../../Unreal Projects/DangerVeryClose/Content/Main_Menu/Options/MasterSoundMixClass.uasset" 200
"../../../../../../Unreal Projects/DangerVeryClose/Content/Main_Menu/Options/Options_Menu_Widget.uasset" 201
"../../../../../../Unreal Projects/DangerVeryClose/Content/Main_Menu/Main_Menu_Widget.uasset" 202
"../../../../../../Unreal Projects/DangerVeryClose/Content/Main_Menu/Player_Loadout/Electric-Bullet-Icon.uasset" 203
"../../../../../../Unreal Projects/DangerVeryClose/Content/Main_Menu/Player_Loadout/Incendiary-Bullet-Icon.uasset" 204
"../../../../../../Unreal Projects/DangerVeryClose/Content/Main_Menu/Player_Loadout/Normal-Bullet-Icon.uasset" 205
"../../../../../../Unreal Projects/DangerVeryClose/Content/Main_Menu/Player_Loadout/weapon_0_alt_0.uasset" 206
"../../../../../../Unreal Projects/DangerVeryClose/Content/Main_Menu/Player_Loadout/weapon_0_alt_1.uasset" 207
"../../../../../../Unreal Projects/DangerVeryClose/Content/Main_Menu/Player_Loadout/weapon_0_alt_2.uasset" 208
"../../../../../../Unreal Projects/DangerVeryClose/Content/Main_Menu/Player_Loadout/weapon_1_alt_0.uasset" 209
"../../../../../../Unreal Projects/DangerVeryClose/Content/Main_Menu/Player_Loadout/weapon_1_alt_1.uasset" 210
"../../../../../../Unreal Projects/DangerVeryClose/Content/Main_Menu/Player_Loadout/weapon_1_alt_2.uasset" 211
"../../../../../../Unreal Projects/DangerVeryClose/Content/Main_Menu/Player_Loadout/weapon_2_alt_0.uasset" 212
"../../../../../../Unreal Projects/DangerVeryClose/Content/Main_Menu/Player_Loadout/weapon_2_alt_1.uasset" 213
"../../../../../../Unreal Projects/DangerVeryClose/Content/Main_Menu/Player_Loadout/weapon_2_alt_2.uasset" 214
"../../../../../../Unreal Projects/DangerVeryClose/Content/Main_Menu/LevelSelect/LevelSelect_Widget.uasset" 215
"../../../../../../Unreal Projects/DangerVeryClose/Content/Main_Menu/Player_Loadout/lock.uasset" 216
"../../../../../../Unreal Projects/DangerVeryClose/Content/Main_Menu/Player_Loadout/PlayerLoadout_WeaponDesc.uasset" 217
"../../../../../../Unreal Projects/DangerVeryClose/Content/Main_Menu/Player_Loadout/PlayerLoadout_Widget.uasset" 218
"../../../../../../Unreal Projects/DangerVeryClose/Content/FirstPersonBP/DVC_GameInstance.uasset" 219
"../../../../../../Unreal Projects/DangerVeryClose/Content/Font/Inversionz.uasset" 220
"../../../../../../Unreal Projects/DangerVeryClose/Content/Font/Inversionz_Font.uasset" 221
"../../../../../../Unreal Projects/DangerVeryClose/Content/FirstPersonBP/Airstrikes/Icons/Airstrike-Area-Icon.uasset" 222
"../../../../../../Unreal Projects/DangerVeryClose/Content/FirstPersonBP/Airstrikes/Icons/Airstrike-Area-Linear-Icon.uasset" 223
"../../../../../../Unreal Projects/DangerVeryClose/Content/FirstPersonBP/Airstrikes/Icons/Airstrike-Area-Nuke-Icon.uasset" 224
"../../../../../../Unreal Projects/DangerVeryClose/Content/FirstPersonBP/Airstrikes/Icons/Airstrike-Guided-Homing-Icon.uasset" 225
"../../../../../../Unreal Projects/DangerVeryClose/Content/FirstPersonBP/Airstrikes/Icons/Airstrike-Guided-Icon.uasset" 226
"../../../../../../Unreal Projects/DangerVeryClose/Content/FirstPersonBP/Airstrikes/Icons/Airstrike-Laser-Icon.uasset" 227
"../../../../../../Unreal Projects/DangerVeryClose/Content/FirstPersonBP/Airstrikes/Icons/Airstrike-Precision-Cluster-Icon.uasset" 228
"../../../../../../Unreal Projects/DangerVeryClose/Content/FirstPersonBP/Airstrikes/Icons/Airstrike-Precision-Icon.uasset" 229
"../../../../../../Unreal Projects/DangerVeryClose/Content/FirstPersonBP/Airstrikes/Icons/Airstrike-Precision-RapidFire-Icon.uasset" 230
"../../../../../../Unreal Projects/DangerVeryClose/Content/FirstPerson/Character/Mesh/SK_Mannequin_Arms_Skeleton.uasset" 231
"../../../../../../Unreal Projects/DangerVeryClose/Content/FirstPerson/Animations/FirstPerson_Idle.uasset" 232
"../../../../../../Unreal Projects/DangerVeryClose/Content/FirstPerson/Animations/FirstPerson_JumpEnd.uasset" 233
"../../../../../../Unreal Projects/DangerVeryClose/Content/FirstPerson/Animations/FirstPerson_JumpLoop.uasset" 234
"../../../../../../Unreal Projects/DangerVeryClose/Content/FirstPerson/Animations/FirstPerson_JumpStart.uasset" 235
"../../../../../../Unreal Projects/DangerVeryClose/Content/FirstPerson/Animations/FirstPerson_Run.uasset" 236
"../../../../../../Unreal Projects/DangerVeryClose/Content/FirstPerson/Animations/FirstPerson_AnimBP.uasset" 237
"../../../../../../Unreal Projects/DangerVeryClose/Content/FirstPerson/Animations/FirstPerson_Fire.uasset" 238
"../../../../../../Unreal Projects/DangerVeryClose/Content/FirstPerson/Animations/FirstPersonFire_Montage.uasset" 239
"../../../../../../Unreal Projects/DangerVeryClose/Content/FirstPerson/Meshes/BaseMaterial.uasset" 240
"../../../../../../Unreal Projects/DangerVeryClose/Content/FirstPerson/Meshes/FirstPersonProjectileMaterial.uasset" 241
"../../../../../../Unreal Projects/DangerVeryClose/Content/FirstPerson/Meshes/FirstPersonProjectileMesh.uasset" 242
"../../../../../../Unreal Projects/DangerVeryClose/Content/StarterContent/Textures/T_Burst_M.uasset" 243
"../../../../../../Unreal Projects/DangerVeryClose/Content/StarterContent/Particles/Materials/M_Burst.uasset" 244
"../../../../../../Unreal Projects/DangerVeryClose/Content/StarterContent/Textures/T_Explosion_SubUV.uasset" 245
"../../../../../../Unreal Projects/DangerVeryClose/Content/StarterContent/Particles/Materials/M_explosion_subUV.uasset" 246
"../../../../../../Unreal Projects/DangerVeryClose/Content/StarterContent/Particles/Materials/m_flare_01.uasset" 247
"../../../Engine/Content/Functions/Engine_MaterialFunctions01/Gradient/RadialGradient.uasset" 248
"../../../../../../Unreal Projects/DangerVeryClose/Content/StarterContent/Particles/Materials/M_radial_ramp.uasset" 249
"../../../../../../Unreal Projects/DangerVeryClose/Content/StarterContent/Textures/T_Smoke_SubUV.uasset" 250
"../../../../../../Unreal Projects/DangerVeryClose/Content/StarterContent/Textures/T_Smoke_Tiled_D.uasset" 251
"../../../../../../Unreal Projects/DangerVeryClose/Content/StarterContent/Particles/Materials/M_smoke_subUV.uasset" 252
"../../../../../../Unreal Projects/DangerVeryClose/Content/StarterContent/Particles/P_Explosion.uasset" 253
"../../../../../../Unreal Projects/DangerVeryClose/Content/FirstPersonBP/Bullet_Projectiles/FirstPersonProjectile.uasset" 254
"../../../../../../Unreal Projects/DangerVeryClose/Content/FirstPersonBP/Bullet_Projectiles/DVCElectric.uasset" 255
"../../../../../../Unreal Projects/DangerVeryClose/Content/FirstPersonBP/Bullet_Projectiles/DVCElectric_Mat.uasset" 256
"../../../../../../Unreal Projects/DangerVeryClose/Content/StarterContent/Textures/T_Water_N.uasset" 257
"../../../../../../Unreal Projects/DangerVeryClose/Content/StarterContent/Particles/Materials/M_Heat_Distortion.uasset" 258
"../../../../../../Unreal Projects/DangerVeryClose/Content/StarterContent/Particles/Materials/M_Radial_Gradient.uasset" 259
"../../../../../../Unreal Projects/DangerVeryClose/Content/StarterContent/Textures/T_Spark_Core.uasset" 260
"../../../../../../Unreal Projects/DangerVeryClose/Content/StarterContent/Particles/Materials/M_Spark.uasset" 261
"../../../../../../Unreal Projects/DangerVeryClose/Content/StarterContent/Particles/P_ElectricProjectile_Hit.uasset" 262
"../../../../../../Unreal Projects/DangerVeryClose/Content/FirstPersonBP/Bullet_Projectiles/FirstPersonProjectile_Electric.uasset" 263
"../../../../../../Unreal Projects/DangerVeryClose/Content/FirstPersonBP/Bullet_Projectiles/DVCFire.uasset" 264
"../../../../../../Unreal Projects/DangerVeryClose/Content/FirstPersonBP/Bullet_Projectiles/DVCFire_Mat.uasset" 265
"../../../../../../Unreal Projects/DangerVeryClose/Content/StarterContent/Textures/T_Fire_SubUV.uasset" 266
"../../../../../../Unreal Projects/DangerVeryClose/Content/StarterContent/Textures/T_Fire_Tiled_D.uasset" 267
"../../../../../../Unreal Projects/DangerVeryClose/Content/StarterContent/Particles/Materials/M_Fire_SubUV.uasset" 268
"../../../../../../Unreal Projects/DangerVeryClose/Content/StarterContent/Particles/P_FireProjectile_Hit.uasset" 269
"../../../../../../Unreal Projects/DangerVeryClose/Content/FirstPersonBP/Bullet_Projectiles/FirstPersonProjectile_Incendiary.uasset" 270
"../../../Engine/Content/Functions/Engine_MaterialFunctions02/Utility/BlendAngleCorrectedNormals.uasset" 271
"../../../Engine/Content/Functions/MaterialLayerFunctions/MatLayerBlend_NormalBlend.uasset" 272
"../../../Engine/Content/Functions/MaterialLayerFunctions/MatLayerBlend_Simple.uasset" 273
"../../../../../../Unreal Projects/DangerVeryClose/Content/FirstPerson/Character/Materials/MaterialLayers/T_ML_Rubber_Blue_01_D.uasset" 274
"../../../../../../Unreal Projects/DangerVeryClose/Content/FirstPerson/Character/Materials/MaterialLayers/T_ML_Rubber_Blue_01_N.uasset" 275
"../../../../../../Unreal Projects/DangerVeryClose/Content/FirstPerson/Character/Materials/MaterialLayers/ML_GlossyBlack_Latex_UE4.uasset" 276
"../../../../../../Unreal Projects/DangerVeryClose/Content/FirstPerson/Character/Materials/MaterialLayers/ML_Plastic_Shiny_Beige.uasset" 277
"../../../../../../Unreal Projects/DangerVeryClose/Content/FirstPerson/Character/Textures/UE4_LOGO_CARD.uasset" 278
"../../../../../../Unreal Projects/DangerVeryClose/Content/FirstPerson/Character/Materials/MaterialLayers/ML_Plastic_Shiny_Beige_LOGO.uasset" 279
"../../../../../../Unreal Projects/DangerVeryClose/Content/FirstPerson/Character/Materials/MaterialLayers/T_ML_Aluminum01.uasset" 280
"../../../../../../Unreal Projects/DangerVeryClose/Content/FirstPerson/Character/Materials/MaterialLayers/T_ML_Aluminum01_N.uasset" 281
"../../../../../../Unreal Projects/DangerVeryClose/Content/FirstPerson/Character/Materials/MaterialLayers/ML_SoftMetal_UE4.uasset" 282
"../../../../../../Unreal Projects/DangerVeryClose/Content/FirstPerson/Character/Textures/UE4_Mannequin__normals.uasset" 283
"../../../../../../Unreal Projects/DangerVeryClose/Content/FirstPerson/Character/Textures/UE4_Mannequin_MAT_MASKA.uasset" 284
"../../../../../../Unreal Projects/DangerVeryClose/Content/FirstPerson/Character/Materials/M_UE4Man_Body.uasset" 285
"../../../../../../Unreal Projects/DangerVeryClose/Content/FirstPerson/Audio/FirstPersonTemplateWeaponFire02.uasset" 286
"../../../../../../Unreal Projects/DangerVeryClose/Content/FirstPerson/Character/Mesh/SK_Mannequin_Arms_PhysicsAsset.uasset" 287
"../../../../../../Unreal Projects/DangerVeryClose/Content/FirstPerson/Character/Mesh/SK_Mannequin_Arms.uasset" 288
"../../../../../../Unreal Projects/DangerVeryClose/Content/AI/Models/ImphenziaPalette01.uasset" 289
"../../../../../../Unreal Projects/DangerVeryClose/Content/FirstPersonBP/Guns/GunModel/M_pgun.uasset" 290
"../../../../../../Unreal Projects/DangerVeryClose/Content/FirstPersonBP/Guns/GunModel/pgun_PhysicsAsset.uasset" 291
"../../../../../../Unreal Projects/DangerVeryClose/Content/FirstPersonBP/Guns/GunModel/pgun_Skeleton.uasset" 292
"../../../../../../Unreal Projects/DangerVeryClose/Content/FirstPersonBP/Guns/GunModel/pgun.uasset" 293
"../../../../../../Unreal Projects/DangerVeryClose/Content/FirstPersonBP/Guns/Gun_Parent.uasset" 294
"../../../../../../Unreal Projects/DangerVeryClose/Content/FirstPersonBP/HUD/AmmoCounter.uasset" 295
"../../../../../../Unreal Projects/DangerVeryClose/Content/FirstPersonBP/HUD/Health-Icon.uasset" 296
"../../../../../../Unreal Projects/DangerVeryClose/Content/FirstPersonBP/HUD/Sprint-Icon.uasset" 297
"../../../../../../Unreal Projects/DangerVeryClose/Content/FirstPersonBP/Minimap/Maps/Minimap_Texture.uasset" 298
"../../../../../../Unreal Projects/DangerVeryClose/Content/FirstPersonBP/Minimap/Maps/Minimap_Texture_Level_0.uasset" 299
"../../../../../../Unreal Projects/DangerVeryClose/Content/FirstPersonBP/Minimap/Maps/Minimap_Texture_Level_1.uasset" 300
"../../../../../../Unreal Projects/DangerVeryClose/Content/FirstPersonBP/Minimap/Maps/Minimap_Texture_Level_2.uasset" 301
"../../../../../../Unreal Projects/DangerVeryClose/Content/FirstPersonBP/Minimap/Minimap_Data.uasset" 302
"../../../Engine/Content/EngineResources/DefaultTexture.uasset" 303
"../../../../../../Unreal Projects/DangerVeryClose/Content/FirstPersonBP/Minimap/Minimap_Material.uasset" 304
"../../../../../../Unreal Projects/DangerVeryClose/Content/FirstPersonBP/Minimap/Minimap_Instance.uasset" 305
"../../../../../../Unreal Projects/DangerVeryClose/Content/FirstPersonBP/Minimap/PlayerArrow.uasset" 306
"../../../../../../Unreal Projects/DangerVeryClose/Content/FirstPersonBP/Minimap/PlayerIcon_Widget.uasset" 307
"../../../../../../Unreal Projects/DangerVeryClose/Content/FirstPersonBP/Minimap/PointOfInterest_Widget.uasset" 308
"../../../../../../Unreal Projects/DangerVeryClose/Content/FirstPersonBP/Minimap/Minimap_Widget.uasset" 309
"../../../../../../Unreal Projects/DangerVeryClose/Content/FirstPersonBP/HUD/Widget_HUD.uasset" 310
"../../../../../../Unreal Projects/DangerVeryClose/Content/FirstPersonBP/Minimap/PointOfInterest_Component.uasset" 311
"../../../../../../Unreal Projects/DangerVeryClose/Content/AI/DamageText.uasset" 312
"../../../../../../Unreal Projects/DangerVeryClose/Content/AI/EAIState.uasset" 313
"../../../../../../Unreal Projects/DangerVeryClose/Content/AI/EnemyDot.uasset" 314
"../../../../../../Unreal Projects/DangerVeryClose/Content/AI/EnemyHealthBar.uasset" 315
"../../../../../../Unreal Projects/DangerVeryClose/Content/AI/Models/enemy-kamikaze/M_enemy_kamikaze.uasset" 316
"../../../../../../Unreal Projects/DangerVeryClose/Content/AI/Models/enemy-kamikaze/enemy-kamikaze_PhysicsAsset.uasset" 317
"../../../../../../Unreal Projects/DangerVeryClose/Content/AI/Models/enemy-kamikaze/enemy-kamikaze.uasset" 318
"../../../../../../Unreal Projects/DangerVeryClose/Content/StarterContent/Audio/Explosion01.uasset" 319
"../../../../../../Unreal Projects/DangerVeryClose/Content/StarterContent/Audio/Explosion_Cue.uasset" 320
"../../../../../../Unreal Projects/DangerVeryClose/Content/StarterContent/Particles/P_FireProjectile.uasset" 321
"../../../../../../Unreal Projects/DangerVeryClose/Content/StarterContent/Particles/P_Hit.uasset" 322
"../../../../../../Unreal Projects/DangerVeryClose/Content/StarterContent/Particles/P_Sparks.uasset" 323
"../../../../../../Unreal Projects/DangerVeryClose/Content/AI/Enemy_Kamikaze_Character.uasset" 324
"../../../../../../Unreal Projects/DangerVeryClose/Content/AI/Models/enemy-melee/enemy-melee_Skeleton.uasset" 325
"../../../../../../Unreal Projects/DangerVeryClose/Content/AI/Models/enemy-melee/enemy-melee_Anim_Skeleton_Idle.uasset" 326
"../../../../../../Unreal Projects/DangerVeryClose/Content/AI/Models/enemy-melee/enemy-melee_Anim_Skeleton_Leap.uasset" 327
"../../../../../../Unreal Projects/DangerVeryClose/Content/AI/Models/enemy-melee/enemy-melee_Anim_Skeleton_Run.uasset" 328
"../../../../../../Unreal Projects/DangerVeryClose/Content/AI/Models/enemy-melee/enemy-melee_Anim_Skeleton_Walk.uasset" 329
"../../../../../../Unreal Projects/DangerVeryClose/Content/AI/Models/enemy-melee/enemy-melee_AnimBP.uasset" 330
"../../../../../../Unreal Projects/DangerVeryClose/Content/AI/Models/enemy-melee/enemy-melee_Anim_Skeleton_Attack.uasset" 331
"../../../../../../Unreal Projects/DangerVeryClose/Content/AI/Models/enemy-melee/enemy-melee_Anim_Skeleton_Attack_Montage.uasset" 332
"../../../../../../Unreal Projects/DangerVeryClose/Content/AI/Models/enemy-melee/enemy-melee_Anim_Skeleton_Flinch.uasset" 333
"../../../../../../Unreal Projects/DangerVeryClose/Content/AI/Models/enemy-melee/enemy-melee_Anim_Skeleton_Flinch_Montage.uasset" 334
"../../../../../../Unreal Projects/DangerVeryClose/Content/AI/Models/enemy-melee/M_enemy_melee.uasset" 335
"../../../../../../Unreal Projects/DangerVeryClose/Content/AI/Models/enemy-melee/enemy-melee_PhysicsAsset.uasset" 336
"../../../../../../Unreal Projects/DangerVeryClose/Content/AI/Models/enemy-melee/enemy-melee.uasset" 337
"../../../../../../Unreal Projects/DangerVeryClose/Content/AI/SimpleAI_Character.uasset" 338
"../../../../../../Unreal Projects/DangerVeryClose/Content/FirstPersonBP/Maps/SpawnPoint.uasset" 339
"../../../../../../Unreal Projects/DangerVeryClose/Content/FirstPersonBP/Blueprints/FirstPersonGameMode.uasset" 340
"../../../../../../Unreal Projects/DangerVeryClose/Content/FirstPersonBP/Airstrikes/AirstrikeDetailsStruct.uasset" 341
"../../../../../../Unreal Projects/DangerVeryClose/Content/StarterContent/Particles/P_Fire.uasset" 342
"../../../../../../Unreal Projects/DangerVeryClose/Content/StarterContent/Props/MaterialSphere.uasset" 343
"../../../../../../Unreal Projects/DangerVeryClose/Content/FirstPersonBP/Airstrikes/Airstrike.uasset" 344
"../../../../../../Unreal Projects/DangerVeryClose/Content/FirstPersonBP/Blueprints/FirstPersonSoundAttenuation.uasset" 345
"../../../../../../Unreal Projects/DangerVeryClose/Content/FirstPersonBP/Airstrikes/Airstrike_Precision.uasset" 346
"../../../../../../Unreal Projects/DangerVeryClose/Content/FirstPersonBP/Airstrikes/Airstrike_Area_Circular.uasset" 347
"../../../../../../Unreal Projects/DangerVeryClose/Content/FirstPersonBP/Airstrikes/Airstrike_Area_Linear.uasset" 348
"../../../../../../Unreal Projects/DangerVeryClose/Content/FirstPersonBP/Airstrikes/NukeShake.uasset" 349
"../../../../../../Unreal Projects/DangerVeryClose/Content/FirstPersonBP/Airstrikes/windy-explosion.uasset" 350
"../../../../../../Unreal Projects/DangerVeryClose/Content/StarterContent/Audio/Explosion02.uasset" 351
"../../../../../../Unreal Projects/DangerVeryClose/Content/FirstPersonBP/Airstrikes/Airstrike_Area_Nuke.uasset" 352
"../../../../../../Unreal Projects/DangerVeryClose/Content/FirstPersonBP/Airstrikes/Airstrike_Guided.uasset" 353
"../../../../../../Unreal Projects/DangerVeryClose/Content/FirstPersonBP/Airstrikes/Airstrike_Guided_Homing.uasset" 354
"../../../../../../Unreal Projects/DangerVeryClose/Content/FirstPersonBP/Airstrikes/LaserGfx/Las0-0.uasset" 355
"../../../../../../Unreal Projects/DangerVeryClose/Content/FirstPersonBP/Airstrikes/LaserGfx/LaserMat.uasset" 356
"../../../../../../Unreal Projects/DangerVeryClose/Content/FirstPersonBP/Airstrikes/LaserGfx/LaserParticle.uasset" 357
"../../../../../../Unreal Projects/DangerVeryClose/Content/FirstPersonBP/Airstrikes/Airstrike_Laser.uasset" 358
"../../../../../../Unreal Projects/DangerVeryClose/Content/FirstPersonBP/Airstrikes/Small_Bomb.uasset" 359
"../../../../../../Unreal Projects/DangerVeryClose/Content/FirstPersonBP/Airstrikes/AP_Cluster_Small.uasset" 360
"../../../../../../Unreal Projects/DangerVeryClose/Content/FirstPersonBP/Airstrikes/Airstrike_Precision_Cluster.uasset" 361
"../../../../../../Unreal Projects/DangerVeryClose/Content/FirstPersonBP/Airstrikes/Airstrike_Precision_RapidFire.uasset" 362
"../../../../../../Unreal Projects/DangerVeryClose/Content/FirstPersonBP/Airstrikes/Targeter/Homing-Targeter.uasset" 363
"../../../../../../Unreal Projects/DangerVeryClose/Content/FirstPersonBP/Airstrikes/Targeter/TargetWidget.uasset" 364
"../../../../../../Unreal Projects/DangerVeryClose/Content/FirstPersonBP/Airstrikes/Targeter/BP_TargetMarker.uasset" 365
"../../../../../../Unreal Projects/DangerVeryClose/Content/FirstPersonBP/Airstrikes/Targeter/M_TargetPoint.uasset" 366
"../../../../../../Unreal Projects/DangerVeryClose/Content/FirstPersonBP/Airstrikes/M_TargetPoint.uasset" 367
"../../../Engine/Content/BasicShapes/Cone.uasset" 368
"../../../../../../Unreal Projects/DangerVeryClose/Content/FirstPersonBP/Airstrikes/Targeter/Summon_TargetPoint.uasset" 369
"../../../../../../Unreal Projects/DangerVeryClose/Content/DeathComponents/DeathScreen.uasset" 370
"../../../../../../Unreal Projects/DangerVeryClose/Content/FirstPerson/Audio/60013__qubodup__whoosh.uasset" 371
"../../../Engine/Content/Functions/Engine_MaterialFunctions01/Gradient/SphereGradient-2D.uasset" 372
"../../../Engine/Content/Functions/Engine_MaterialFunctions02/Texturing/CustomRotator.uasset" 373
"../../../Engine/Content/Functions/Engine_MaterialFunctions02/Utility/VectorToRadialValue.uasset" 374
"../../../../../../Unreal Projects/DangerVeryClose/Content/FirstPersonBP/DamageIndicator/HitMaterial.uasset" 375
"../../../../../../Unreal Projects/DangerVeryClose/Content/FirstPersonBP/DamageIndicator/HitMaterialInstance.uasset" 376
"../../../../../../Unreal Projects/DangerVeryClose/Content/FirstPersonBP/DamageIndicator/HitWidget.uasset" 377
"../../../../../../Unreal Projects/DangerVeryClose/Content/Pause_Menu/Pause_Menu_Widget.uasset" 378
"../../../../../../Unreal Projects/DangerVeryClose/Content/FirstPersonBP/Blueprints/FirstPersonCharacter.uasset" 379
"../../../Engine/Content/BasicShapes/BasicShapeMaterial.uasset" 380
"../../../Engine/Content/BasicShapes/Cube.uasset" 381
"../../../Engine/Content/BasicShapes/Sphere.uasset" 382
"../../../../../../Unreal Projects/DangerVeryClose/Content/Assets/Audio/Blueprints_ButtonPush01.uasset" 383
"../../../../../../Unreal Projects/DangerVeryClose/Content/Assets/Audio/Text_Pop.uasset" 384
"../../../../../../Unreal Projects/DangerVeryClose/Content/AI/HopperMine.uasset" 385
"../../../../../../Unreal Projects/DangerVeryClose/Content/AI/HopperMineInFlight.uasset" 386
"../../../../../../Unreal Projects/DangerVeryClose/Content/AI/TwoPartCharacterProjectile.uasset" 387
"../../../../../../Unreal Projects/DangerVeryClose/Content/AI/Models/enemy-turret/M_turretbase.uasset" 388
"../../../../../../Unreal Projects/DangerVeryClose/Content/AI/Models/enemy-turret/M_turretgun.uasset" 389
"../../../../../../Unreal Projects/DangerVeryClose/Content/AI/Models/enemy-turret/M_turrethead.uasset" 390
"../../../../../../Unreal Projects/DangerVeryClose/Content/AI/Models/enemy-turret/turretbase.uasset" 391
"../../../../../../Unreal Projects/DangerVeryClose/Content/AI/Models/enemy-turret/turretgun.uasset" 392
"../../../../../../Unreal Projects/DangerVeryClose/Content/AI/Models/enemy-turret/turrethead.uasset" 393
"../../../../../../Unreal Projects/DangerVeryClose/Content/AI/TwoPartCharacter.uasset" 394
"../../../Engine/Content/EngineSky/C_Sky_Cloud_Color.uasset" 395
"../../../Engine/Content/EngineSky/C_Sky_Horizon_Color.uasset" 396
"../../../Engine/Content/EngineSky/C_Sky_Zenith_Color.uasset" 397
"../../../Engine/Content/EngineSky/T_Sky_Blue.uasset" 398
"../../../Engine/Content/EngineSky/T_Sky_Clouds_M.uasset" 399
"../../../Engine/Content/EngineSky/T_Sky_Stars.uasset" 400
"../../../Engine/Content/EngineSky/M_Sky_Panning_Clouds2.uasset" 401
"../../../Engine/Content/EngineSky/SM_SkySphere.uasset" 402
"../../../Engine/Content/EngineSky/BP_Sky_Sphere.uasset" 403
"../../../../../../Unreal Projects/DangerVeryClose/Content/StarterContent/Textures/T_MacroVariation.uasset" 404
"../../../../../../Unreal Projects/DangerVeryClose/Content/StarterContent/Textures/T_Wood_Walnut_D.uasset" 405
"../../../../../../Unreal Projects/DangerVeryClose/Content/StarterContent/Textures/T_Wood_Walnut_N.uasset" 406
"../../../../../../Unreal Projects/DangerVeryClose/Content/StarterContent/Materials/M_Wood_Walnut.uasset" 407
"../../../../../../Unreal Projects/DangerVeryClose/Content/Geometry/Meshes/CubeMaterial.uasset" 408
"../../../../../../Unreal Projects/DangerVeryClose/Content/Geometry/Meshes/1M_Cube.uasset" 409
"../../../../../../Unreal Projects/DangerVeryClose/Content/DestructibleLevelObjects/DM_Box.uasset" 410
"../../../../../../Unreal Projects/DangerVeryClose/Content/FirstPersonBP/Maps/FirstPersonExampleMap_BuiltData.uasset" 411
"../../../Engine/Content/Functions/Engine_MaterialFunctions03/Procedurals/ComputeFilterWidth.uasset" 412
"../../../Engine/Content/EngineMaterials/AntiAliasedTextMaterialTranslucent.uasset" 413
"../../../../../../Unreal Projects/DangerVeryClose/Content/StarterContent/Materials/M_AssetPlatform.uasset" 414
"../../../../../../Unreal Projects/DangerVeryClose/Content/StarterContent/Materials/M_Basic_Floor.uasset" 415
"../../../../../../Unreal Projects/DangerVeryClose/Content/StarterContent/Materials/M_Spawner_Color.uasset" 416
"../../../../../../Unreal Projects/DangerVeryClose/Content/FirstPerson/Meshes/CubeMaterialOverride.uasset" 417
"../../../Engine/Content/BasicShapes/Cylinder.uasset" 418
"../../../../../../Unreal Projects/DangerVeryClose/Content/StarterContent/Materials/M_Basic_Wall.uasset" 419
"../../../../../../Unreal Projects/DangerVeryClose/Content/StarterContent/Shapes/Shape_Wedge_B.uasset" 420
"../../../../../../Unreal Projects/DangerVeryClose/Content/FirstPersonBP/Maps/FirstPersonExampleMap.umap" 421
"../../../Engine/Content/EngineMeshes/Humanoid.uasset" 422
"../../../../../../Unreal Projects/DangerVeryClose/Content/AI/ShooterAI/Body/UE4_Mannequin_Skeleton.uasset" 423
"../../../../../../Unreal Projects/DangerVeryClose/Content/AI/ShooterAI/Animations/Idle_Rifle_Ironsights.uasset" 424
"../../../../../../Unreal Projects/DangerVeryClose/Content/AI/ShooterAI/Animations/AimOffset/Aim__Ironsights_CC.uasset" 425
"../../../../../../Unreal Projects/DangerVeryClose/Content/AI/ShooterAI/Animations/AimOffset/Aim__Ironsights_DOWN.uasset" 426
"../../../../../../Unreal Projects/DangerVeryClose/Content/AI/ShooterAI/Animations/AimOffset/Aim__Ironsights_UP.uasset" 427
"../../../../../../Unreal Projects/DangerVeryClose/Content/AI/ShooterAI/Animations/AimOffset/AimOffset_Ironsight.uasset" 428
"../../../../../../Unreal Projects/DangerVeryClose/Content/AI/ShooterAI/Animations/AimOffset/Aim_CC.uasset" 429
"../../../../../../Unreal Projects/DangerVeryClose/Content/AI/ShooterAI/Animations/AimOffset/Aim_DD.uasset" 430
"../../../../../../Unreal Projects/DangerVeryClose/Content/AI/ShooterAI/Animations/AimOffset/Aim_U.uasset" 431
"../../../../../../Unreal Projects/DangerVeryClose/Content/AI/ShooterAI/Animations/Idle_Rifle_Hip.uasset" 432
"../../../../../../Unreal Projects/DangerVeryClose/Content/AI/ShooterAI/Animations/AimOffset/AimOfset.uasset" 433
"../../../../../../Unreal Projects/DangerVeryClose/Content/AI/ShooterAI/Animations/Walk_Bwd_Rifle_Ironsights.uasset" 434
"../../../../../../Unreal Projects/DangerVeryClose/Content/AI/ShooterAI/Animations/Walk_Fwd_Rifle_Ironsights.uasset" 435
"../../../../../../Unreal Projects/DangerVeryClose/Content/AI/ShooterAI/Animations/Walk_Lt_Rifle_Ironsights.uasset" 436
"../../../../../../Unreal Projects/DangerVeryClose/Content/AI/ShooterAI/Animations/Walk_Rt_Rifle_Ironsights.uasset" 437
"../../../../../../Unreal Projects/DangerVeryClose/Content/AI/ShooterAI/Animations/BS_IronsightsWalk.uasset" 438
"../../../../../../Unreal Projects/DangerVeryClose/Content/AI/ShooterAI/Animations/Jog_Bwd_Rifle.uasset" 439
"../../../../../../Unreal Projects/DangerVeryClose/Content/AI/ShooterAI/Animations/Jog_Fwd_Rifle.uasset" 440
"../../../../../../Unreal Projects/DangerVeryClose/Content/AI/ShooterAI/Animations/Jog_Lt_Rifle.uasset" 441
"../../../../../../Unreal Projects/DangerVeryClose/Content/AI/ShooterAI/Animations/Jog_Rt_Rifle.uasset" 442
"../../../../../../Unreal Projects/DangerVeryClose/Content/AI/ShooterAI/Animations/BS_Jog.uasset" 443
"../../../../../../Unreal Projects/DangerVeryClose/Content/AI/ShooterAI/Animations/AB_EnemyCharacterr.uasset" 444
"../../../../../../Unreal Projects/DangerVeryClose/Content/AI/ShooterAI/Animations/Reload_Rifle_Ironsights.uasset" 445
"../../../../../../Unreal Projects/DangerVeryClose/Content/AI/ShooterAI/Animations/AM_Reload_Rifle_Ironsights.uasset" 446
"../../../../../../Unreal Projects/DangerVeryClose/Content/AI/ShooterAI/E_ShooterAI_States.uasset" 447
"../../../../../../Unreal Projects/DangerVeryClose/Content/AI/ShooterAI/BehaviorTree/BB_ShooterAI.uasset" 448
"../../../../../../Unreal Projects/DangerVeryClose/Content/AI/ShooterAI/BehaviorTree/Tasks/BTT_AimingTime.uasset" 449
"../../../../../../Unreal Projects/DangerVeryClose/Content/AI/ShooterAI/ShooterAIController.uasset" 450
"../../../../../../Unreal Projects/DangerVeryClose/Content/AI/ShooterAI/BehaviorTree/Tasks/BTT_ChangeAIState.uasset" 451
"../../../../../../Unreal Projects/DangerVeryClose/Content/AI/ShooterAI/BehaviorTree/Tasks/BTT_CustomMoveTo.uasset" 452
"../../../../../../Unreal Projects/DangerVeryClose/Content/AI/ShooterAI/PatrolPath.uasset" 453
"../../../../../../Unreal Projects/DangerVeryClose/Content/AI/ShooterAI/BehaviorTree/Tasks/BTT_FindPathPoint.uasset" 454
"../../../../../../Unreal Projects/DangerVeryClose/Content/AI/ShooterAI/BehaviorTree/Tasks/BTT_FindRandomPatrol.uasset" 455
"../../../../../../Unreal Projects/DangerVeryClose/Content/AI/ShooterAI/BehaviorTree/Tasks/BTT_IncrementPathIndex.uasset" 456
"../../../../../../Unreal Projects/DangerVeryClose/Content/AI/ShooterAI/BehaviorTree/Tasks/BTT_RotateToEnemy.uasset" 457
"../../../../../../Unreal Projects/DangerVeryClose/Content/AI/ShooterAI/BehaviorTree/Tasks/BTT_SearchPoint.uasset" 458
"../../../../../../Unreal Projects/DangerVeryClose/Content/AI/ShooterAI/BehaviorTree/Tasks/BTT_SetMovingSpeed.uasset" 459
"../../../../../../Unreal Projects/DangerVeryClose/Content/AI/ShooterAI/Weapons/Weapon_BP/M_BulletProjecttail.uasset" 460
"../../../../../../Unreal Projects/DangerVeryClose/Content/AI/ShooterAI/Weapons/Weapon_BP/BP_BulletProjecttail.uasset" 461
"../../../../../../Unreal Projects/DangerVeryClose/Content/AI/ShooterAI/BehaviorTree/Tasks/BTT_StartStopAttack.uasset" 462
"../../../../../../Unreal Projects/DangerVeryClose/Content/AI/ShooterAI/BehaviorTree/BT_ShooterAI.uasset" 463
"../../../../../../Unreal Projects/DangerVeryClose/Content/Mannequin/Character/Materials/MaterialLayers/T_ML_Rubber_Blue_01_D.uasset" 464
"../../../../../../Unreal Projects/DangerVeryClose/Content/Mannequin/Character/Materials/MaterialLayers/T_ML_Rubber_Blue_01_N.uasset" 465
"../../../../../../Unreal Projects/DangerVeryClose/Content/Mannequin/Character/Materials/MaterialLayers/ML_GlossyBlack_Latex_UE4.uasset" 466
"../../../../../../Unreal Projects/DangerVeryClose/Content/Mannequin/Character/Materials/MaterialLayers/ML_Plastic_Shiny_Beige.uasset" 467
"../../../../../../Unreal Projects/DangerVeryClose/Content/Mannequin/Character/Textures/UE4_LOGO_CARD.uasset" 468
"../../../../../../Unreal Projects/DangerVeryClose/Content/Mannequin/Character/Materials/MaterialLayers/ML_Plastic_Shiny_Beige_LOGO.uasset" 469
"../../../../../../Unreal Projects/DangerVeryClose/Content/Mannequin/Character/Materials/MaterialLayers/T_ML_Aluminum01.uasset" 470
"../../../../../../Unreal Projects/DangerVeryClose/Content/Mannequin/Character/Materials/MaterialLayers/T_ML_Aluminum01_N.uasset" 471
"../../../../../../Unreal Projects/DangerVeryClose/Content/Mannequin/Character/Materials/MaterialLayers/ML_SoftMetal_UE4.uasset" 472
"../../../../../../Unreal Projects/DangerVeryClose/Content/Mannequin/Character/Textures/UE4_Mannequin__normals.uasset" 473
"../../../../../../Unreal Projects/DangerVeryClose/Content/Mannequin/Character/Textures/UE4_Mannequin_MAT_MASKA.uasset" 474
"../../../../../../Unreal Projects/DangerVeryClose/Content/Mannequin/Character/Materials/M_UE4Man_Body.uasset" 475
"../../../../../../Unreal Projects/DangerVeryClose/Content/Mannequin/Character/Textures/UE4Man_Logo_N.uasset" 476
"../../../../../../Unreal Projects/DangerVeryClose/Content/Mannequin/Character/Materials/M_UE4Man_ChestLogo.uasset" 477
"../../../../../../Unreal Projects/DangerVeryClose/Content/AI/ShooterAI/Body/SK_Mannequin_PhysicsAsset.uasset" 478
"../../../../../../Unreal Projects/DangerVeryClose/Content/AI/ShooterAI/Body/SK_Mannequin.uasset" 479
"../../../../../../Unreal Projects/DangerVeryClose/Content/AI/ShooterAI/E_ShooterAI_WeaponType.uasset" 480
"../../../../../../Unreal Projects/DangerVeryClose/Content/AI/ShooterAI/Weapons/AssaultRifle/Materials/M_AssaultRifle_Mat_1.uasset" 481
"../../../../../../Unreal Projects/DangerVeryClose/Content/AI/ShooterAI/Weapons/AssaultRifle/Materials/M_AssaultRifle_Mat_2.uasset" 482
"../../../../../../Unreal Projects/DangerVeryClose/Content/AI/ShooterAI/Weapons/AssaultRifle/Materials/M_AssaultRifle_Mat_3.uasset" 483
"../../../../../../Unreal Projects/DangerVeryClose/Content/AI/ShooterAI/Weapons/AssaultRifle/Mesh/AssaultRifle_PhysicsAsset.uasset" 484
"../../../../../../Unreal Projects/DangerVeryClose/Content/AI/ShooterAI/Weapons/AssaultRifle/Mesh/AssaultRifle_Skeleton.uasset" 485
"../../../../../../Unreal Projects/DangerVeryClose/Content/AI/ShooterAI/Weapons/AssaultRifle/Mesh/AssaultRifle.uasset" 486
"../../../../../../Unreal Projects/DangerVeryClose/Content/AI/ShooterAI/Weapons/MachineGun/Materials/M_MachineGun_1.uasset" 487
"../../../../../../Unreal Projects/DangerVeryClose/Content/AI/ShooterAI/Weapons/MachineGun/Materials/M_MachineGun_2.uasset" 488
"../../../../../../Unreal Projects/DangerVeryClose/Content/AI/ShooterAI/Weapons/MachineGun/Materials/M_MachineGun_3.uasset" 489
"../../../../../../Unreal Projects/DangerVeryClose/Content/AI/ShooterAI/Weapons/MachineGun/Mesh/SM_MachineGun_PhysicsAsset.uasset" 490
"../../../../../../Unreal Projects/DangerVeryClose/Content/AI/ShooterAI/Weapons/MachineGun/Mesh/SM_MachineGun_Skeleton.uasset" 491
"../../../../../../Unreal Projects/DangerVeryClose/Content/AI/ShooterAI/Weapons/MachineGun/Mesh/SM_MachineGun.uasset" 492
"../../../../../../Unreal Projects/DangerVeryClose/Content/AI/ShooterAI/Weapons/SniperRifle/Materials/M_SniperRifle_1.uasset" 493
"../../../../../../Unreal Projects/DangerVeryClose/Content/AI/ShooterAI/Weapons/SniperRifle/Materials/M_SniperRIfle_2.uasset" 494
"../../../../../../Unreal Projects/DangerVeryClose/Content/AI/ShooterAI/Weapons/SniperRifle/Mesh/SM_SniperRifle_PhysicsAsset.uasset" 495
"../../../../../../Unreal Projects/DangerVeryClose/Content/AI/ShooterAI/Weapons/SniperRifle/Mesh/SM_SniperRifle_Skeleton.uasset" 496
"../../../../../../Unreal Projects/DangerVeryClose/Content/AI/ShooterAI/Weapons/SniperRifle/Mesh/SM_SniperRifle.uasset" 497
"../../../../../../Unreal Projects/DangerVeryClose/Content/AI/ShooterAI/ShooterAIChar.uasset" 498
"../../../../../../Unreal Projects/DangerVeryClose/Content/FirstPersonBP/Blueprints/FirstPersonProjectile.uasset" 499
"../../../../../../Unreal Projects/DangerVeryClose/Content/FirstPersonBP/Blueprints/FirstPersonProjectile_Electric.uasset" 500
"../../../../../../Unreal Projects/DangerVeryClose/Content/FirstPersonBP/Blueprints/FirstPersonProjectile_Incendiary.uasset" 501
"../../../../../../Unreal Projects/DangerVeryClose/Content/StarterContent/Textures/T_Brick_Clay_New_D.uasset" 502
"../../../../../../Unreal Projects/DangerVeryClose/Content/StarterContent/Textures/T_Brick_Clay_New_M.uasset" 503
"../../../../../../Unreal Projects/DangerVeryClose/Content/StarterContent/Textures/T_Brick_Clay_New_N.uasset" 504
"../../../../../../Unreal Projects/DangerVeryClose/Content/StarterContent/Textures/T_Detail_Rocky_N.uasset" 505
"../../../../../../Unreal Projects/DangerVeryClose/Content/StarterContent/Materials/M_Brick_Clay_New.uasset" 506
"../../../../../../Unreal Projects/DangerVeryClose/Content/StarterContent/Materials/Brick_Small.uasset" 507
"../../../../../../Unreal Projects/DangerVeryClose/Content/StarterContent/Shapes/Shape_Cube.uasset" 508
"../../../../../../Unreal Projects/DangerVeryClose/Content/DestructibleLevelObjects/DM_Wall.uasset" 509
"../../../../../../Unreal Projects/DangerVeryClose/Content/Levels/Level_0_BuiltData.uasset" 510
"../../../../../../Unreal Projects/DangerVeryClose/Content/StarterContent/Textures/T_Brick_Clay_Old_D.uasset" 511
"../../../../../../Unreal Projects/DangerVeryClose/Content/StarterContent/Textures/T_Brick_Clay_Old_N.uasset" 512
"../../../../../../Unreal Projects/DangerVeryClose/Content/StarterContent/Textures/T_Perlin_Noise_M.uasset" 513
"../../../../../../Unreal Projects/DangerVeryClose/Content/StarterContent/Materials/M_Brick_Clay_Old.uasset" 514
"../../../Engine/Content/MapTemplates/SM_Template_Map_Floor.uasset" 515
"../../../../../../Unreal Projects/DangerVeryClose/Content/Geometry/Meshes/Linear_Stair_StaticMesh.uasset" 516
"../../../../../../Unreal Projects/DangerVeryClose/Content/Levels/Level_Complete_Menu.uasset" 517
"../../../../../../Unreal Projects/DangerVeryClose/Content/Levels/Level_0.umap" 518
"../../../../../../Unreal Projects/DangerVeryClose/Content/FirstPersonBP/Maps/ShooterAISpawnPoint.uasset" 519
"../../../Engine/Content/Functions/MaterialLayerFunctions/MatLayerBlend_AO.uasset" 520
"../../../Engine/Content/Functions/MaterialLayerFunctions/MatLayerBlend_BakedNormal.uasset" 521
"../../../Engine/Content/Functions/MaterialLayerFunctions/MatLayerBlend_Standard.uasset" 522
"../../../../../../Unreal Projects/DangerVeryClose/Content/Assets/Textures/T_PaintedMetal01_D.uasset" 523
"../../../../../../Unreal Projects/DangerVeryClose/Content/Assets/Textures/T_PaintedMetal01_N.uasset" 524
"../../../../../../Unreal Projects/DangerVeryClose/Content/Assets/Materials/ML_COG_Metal_Base_Light.uasset" 525
"../../../../../../Unreal Projects/DangerVeryClose/Content/Assets/Textures/T_Metal_Metal03_D.uasset" 526
"../../../../../../Unreal Projects/DangerVeryClose/Content/Assets/Textures/T_Metal_Metal03_N.uasset" 527
"../../../../../../Unreal Projects/DangerVeryClose/Content/Assets/Materials/ML_COG_Shiny_Grey_1.uasset" 528
"../../../../../../Unreal Projects/DangerVeryClose/Content/Assets/Textures/T_COG_City_Decos_Bench_M.uasset" 529
"../../../../../../Unreal Projects/DangerVeryClose/Content/Assets/Textures/T_COG_City_Decos_Bench_N.uasset" 530
"../../../../../../Unreal Projects/DangerVeryClose/Content/Assets/Materials/M_COG_City_Deco_Bench.uasset" 531
"../../../../../../Unreal Projects/DangerVeryClose/Content/Assets/Meshes/SM_COG_City_Decos_Bench.uasset" 532
"../../../../../../Unreal Projects/DangerVeryClose/Content/DestructibleLevelObjects/DM_Bench.uasset" 533
"../../../../../../Unreal Projects/DangerVeryClose/Content/Assets/Textures/T_COG_Metal_Rust_03_D.uasset" 534
"../../../../../../Unreal Projects/DangerVeryClose/Content/Assets/Textures/T_COG_Metal_Rust_03_N.uasset" 535
"../../../../../../Unreal Projects/DangerVeryClose/Content/Assets/Materials/ML_Metal_Rust.uasset" 536
"../../../../../../Unreal Projects/DangerVeryClose/Content/Assets/Materials/ML_YellowMetal_Painted.uasset" 537
"../../../../../../Unreal Projects/DangerVeryClose/Content/Assets/Textures/T_Underground_Clamps01_M.uasset" 538
"../../../../../../Unreal Projects/DangerVeryClose/Content/Assets/Materials/M_COG_Underground_Base_Pipe.uasset" 539
"../../../../../../Unreal Projects/DangerVeryClose/Content/StarterContent/Shapes/Shape_Pipe.uasset" 540
"../../../../../../Unreal Projects/DangerVeryClose/Content/DestructibleLevelObjects/DM_Pipe.uasset" 541
"../../../../../../Unreal Projects/DangerVeryClose/Content/DestructibleLevelObjects/DM_Rooftop.uasset" 542
"../../../../../../Unreal Projects/DangerVeryClose/Content/Assets/Textures/T_COG_Underground_Console_Panel_Bits_M.uasset" 543
"../../../../../../Unreal Projects/DangerVeryClose/Content/Assets/Textures/T_COG_Underground_Console_Panel_Bits_N.uasset" 544
"../../../../../../Unreal Projects/DangerVeryClose/Content/Assets/Materials/M_COG_Underground_Console_Panel_Bits.uasset" 545
"../../../../../../Unreal Projects/DangerVeryClose/Content/Assets/Textures/T_PositionalNoise_D.uasset" 546
"../../../../../../Unreal Projects/DangerVeryClose/Content/Assets/Materials/ML_HOLO_Noise.uasset" 547
"../../../../../../Unreal Projects/DangerVeryClose/Content/Assets/Textures/T_Grime_Lines_M.uasset" 548
"../../../../../../Unreal Projects/DangerVeryClose/Content/Assets/Textures/T_Monitor_Screen_M.uasset" 549
"../../../../../../Unreal Projects/DangerVeryClose/Content/Assets/Textures/T_Plank_1_by_1_N.uasset" 550
"../../../../../../Unreal Projects/DangerVeryClose/Content/Assets/Materials/M_Underground_Monitor_Blank.uasset" 551
"../../../../../../Unreal Projects/DangerVeryClose/Content/Assets/Meshes/SM_Cog_Underground_Console_Monitor.uasset" 552
"../../../../../../Unreal Projects/DangerVeryClose/Content/DestructibleLevelObjects/DM_ScreenMonitor.uasset" 553
"../../../../../../Unreal Projects/DangerVeryClose/Content/StarterContent/Textures/T_Wood_Floor_Walnut_D.uasset" 554
"../../../../../../Unreal Projects/DangerVeryClose/Content/StarterContent/Textures/T_Wood_Floor_Walnut_M.uasset" 555
"../../../../../../Unreal Projects/DangerVeryClose/Content/StarterContent/Textures/T_Wood_Floor_Walnut_N.uasset" 556
"../../../../../../Unreal Projects/DangerVeryClose/Content/StarterContent/Materials/M_Wood_Floor_Walnut_Polished.uasset" 557
"../../../../../../Unreal Projects/DangerVeryClose/Content/DestructibleLevelObjects/DM_WoodFloor.uasset" 558
"../../../../../../Unreal Projects/DangerVeryClose/Content/DestructibleLevelObjects/Wall_NotDM.uasset" 559
"../../../../../../Unreal Projects/DangerVeryClose/Content/FirstPersonBP/Maps/3rdWave.uasset" 560
"../../../../../../Unreal Projects/DangerVeryClose/Content/FirstPersonBP/Maps/2ndWave.uasset" 561
"../../../../../../Unreal Projects/DangerVeryClose/Content/FirstPersonBP/Maps/1stWave.uasset" 562
"../../../../../../Unreal Projects/DangerVeryClose/Content/Levels/level_1_BuiltData.uasset" 563
"../../../../../../Unreal Projects/DangerVeryClose/Content/Assets/Textures/T_Floor_Tech_2_M.uasset" 564
"../../../../../../Unreal Projects/DangerVeryClose/Content/Assets/Materials/M_Floor_Tech_1_Edge.uasset" 565
"../../../Engine/Content/Functions/Engine_MaterialFunctions01/ImageAdjustment/SCurve.uasset" 566
"../../../Engine/Content/Functions/Engine_MaterialFunctions01/Shading/ConvertFromDiffSpec.uasset" 567
"../../../../../../Unreal Projects/DangerVeryClose/Content/Assets/Textures/T_CleanGrass_D.uasset" 568
"../../../../../../Unreal Projects/DangerVeryClose/Content/Assets/Textures/T_CleanGrass_N.uasset" 569
"../../../../../../Unreal Projects/DangerVeryClose/Content/Assets/Materials/M_GrassMaster.uasset" 570
"../../../../../../Unreal Projects/DangerVeryClose/Content/Assets/Materials/M_Grass_Darker_Inst.uasset" 571
"../../../../../../Unreal Projects/DangerVeryClose/Content/Assets/Materials/M_Grass_Darker_Inst2.uasset" 572
"../../../../../../Unreal Projects/DangerVeryClose/Content/Levels/level_1.umap" 573
"../../../../../../Unreal Projects/DangerVeryClose/Content/StarterContent/Textures/T_Bush_D.uasset" 574
"../../../../../../Unreal Projects/DangerVeryClose/Content/StarterContent/Textures/T_Bush_N.uasset" 575
"../../../../../../Unreal Projects/DangerVeryClose/Content/StarterContent/Props/Materials/M_Bush.uasset" 576
"../../../../../../Unreal Projects/DangerVeryClose/Content/DestructibleLevelObjects/DM_Bush.uasset" 577
"../../../../../../Unreal Projects/DangerVeryClose/Content/Levels/ObjectiveBlueprint.uasset" 578
"../../../../../../Unreal Projects/DangerVeryClose/Content/Levels/level_2_BuiltData.uasset" 579
"../../../../../../Unreal Projects/DangerVeryClose/Content/StarterContent/Textures/T_Rock_Sandstone_D.uasset" 580
"../../../../../../Unreal Projects/DangerVeryClose/Content/StarterContent/Textures/T_Rock_Sandstone_N.uasset" 581
"../../../../../../Unreal Projects/DangerVeryClose/Content/StarterContent/Materials/M_Rock_Sandstone.uasset" 582
"../../../../../../Unreal Projects/DangerVeryClose/Content/Levels/Level_2.umap" 583
"../../../../../../Unreal Projects/DangerVeryClose/Content/Main_Menu/MainMenu_PC.uasset" 584
"../../../../../../Unreal Projects/DangerVeryClose/Content/Main_Menu/MainmenuGameMode.uasset" 585
"../../../../../../Unreal Projects/DangerVeryClose/Content/Main_Menu/Level_MainMenu_BuiltData.uasset" 586
"../../../../../../Unreal Projects/DangerVeryClose/Content/Main_Menu/Level_MainMenu.umap" 587
"../../../Engine/Content/Maps/Entry_BuiltData.uasset" 588
"../../../Engine/Content/Maps/Entry.umap" 589
